# JRE version: OpenJDK Runtime Environment (11.0.8+10) (build 11.0.8+10-b944.6842174)
# Java VM: OpenJDK 64-Bit Server VM (11.0.8+10-b944.6842174, mixed mode, tiered, compressed oops, g1 gc, windows-amd64)
Heap:
 garbage-first heap   total 529408K, used 49665K [0x00000000a0000000, 0x0000000100000000)
  region size 1024K, 2 young (2048K), 2 survivors (2048K)
 Metaspace       used 60417K, capacity 61814K, committed 61952K, reserved 1103872K
  class space    used 7599K, capacity 8098K, committed 8192K, reserved 1048576K
GC Heap History (20 events):
Event: 308.002 GC heap after
{Heap after GC invocations=38 (full 0):
 garbage-first heap   total 198656K, used 42149K [0x00000000a0000000, 0x0000000100000000)
  region size 1024K, 2 young (2048K), 2 survivors (2048K)
 Metaspace       used 51370K, capacity 52467K, committed 52736K, reserved 1095680K
  class space    used 6485K, capacity 6893K, committed 6912K, reserved 1048576K
}
Event: 309.317 GC heap before
{Heap before GC invocations=38 (full 0):
 garbage-first heap   total 198656K, used 49317K [0x00000000a0000000, 0x0000000100000000)
  region size 1024K, 9 young (9216K), 2 survivors (2048K)
 Metaspace       used 52019K, capacity 53179K, committed 53376K, reserved 1095680K
  class space    used 6597K, capacity 7004K, committed 7040K, reserved 1048576K
}
Event: 309.349 GC heap after
{Heap after GC invocations=39 (full 0):
 garbage-first heap   total 198656K, used 42313K [0x00000000a0000000, 0x0000000100000000)
  region size 1024K, 2 young (2048K), 2 survivors (2048K)
 Metaspace       used 52019K, capacity 53179K, committed 53376K, reserved 1095680K
  class space    used 6597K, capacity 7004K, committed 7040K, reserved 1048576K
}
Event: 311.144 GC heap before
{Heap before GC invocations=39 (full 0):
 garbage-first heap   total 198656K, used 51529K [0x00000000a0000000, 0x0000000100000000)
  region size 1024K, 11 young (11264K), 2 survivors (2048K)
 Metaspace       used 53336K, capacity 54548K, committed 54912K, reserved 1097728K
  class space    used 6755K, capacity 7182K, committed 7296K, reserved 1048576K
}
Event: 311.181 GC heap after
{Heap after GC invocations=40 (full 0):
 garbage-first heap   total 198656K, used 43129K [0x00000000a0000000, 0x0000000100000000)
  region size 1024K, 2 young (2048K), 2 survivors (2048K)
 Metaspace       used 53336K, capacity 54548K, committed 54912K, reserved 1097728K
  class space    used 6755K, capacity 7182K, committed 7296K, reserved 1048576K
}
Event: 311.724 GC heap before
{Heap before GC invocations=40 (full 0):
 garbage-first heap   total 198656K, used 55417K [0x00000000a0000000, 0x0000000100000000)
  region size 1024K, 15 young (15360K), 2 survivors (2048K)
 Metaspace       used 53992K, capacity 55183K, committed 55424K, reserved 1097728K
  class space    used 6842K, capacity 7282K, committed 7296K, reserved 1048576K
}
Event: 311.767 GC heap after
{Heap after GC invocations=41 (full 0):
 garbage-first heap   total 238592K, used 44274K [0x00000000a0000000, 0x0000000100000000)
  region size 1024K, 2 young (2048K), 2 survivors (2048K)
 Metaspace       used 53992K, capacity 55183K, committed 55424K, reserved 1097728K
  class space    used 6842K, capacity 7282K, committed 7296K, reserved 1048576K
}
Event: 315.961 GC heap before
{Heap before GC invocations=41 (full 0):
 garbage-first heap   total 238592K, used 61682K [0x00000000a0000000, 0x0000000100000000)
  region size 1024K, 19 young (19456K), 2 survivors (2048K)
 Metaspace       used 55577K, capacity 56783K, committed 56960K, reserved 1099776K
  class space    used 7046K, capacity 7491K, committed 7552K, reserved 1048576K
}
Event: 318.279 GC heap after
{Heap after GC invocations=42 (full 0):
 garbage-first heap   total 238592K, used 45510K [0x00000000a0000000, 0x0000000100000000)
  region size 1024K, 2 young (2048K), 2 survivors (2048K)
 Metaspace       used 55577K, capacity 56783K, committed 56960K, reserved 1099776K
  class space    used 7046K, capacity 7491K, committed 7552K, reserved 1048576K
}
Event: 320.039 GC heap before
{Heap before GC invocations=42 (full 0):
 garbage-first heap   total 238592K, used 55750K [0x00000000a0000000, 0x0000000100000000)
  region size 1024K, 11 young (11264K), 2 survivors (2048K)
 Metaspace       used 56464K, capacity 57709K, committed 57856K, reserved 1099776K
  class space    used 7136K, capacity 7562K, committed 7680K, reserved 1048576K
}
Event: 320.056 GC heap after
{Heap after GC invocations=43 (full 0):
 garbage-first heap   total 238592K, used 46770K [0x00000000a0000000, 0x0000000100000000)
  region size 1024K, 2 young (2048K), 2 survivors (2048K)
 Metaspace       used 56464K, capacity 57709K, committed 57856K, reserved 1099776K
  class space    used 7136K, capacity 7562K, committed 7680K, reserved 1048576K
}
Event: 321.477 GC heap before
{Heap before GC invocations=43 (full 0):
 garbage-first heap   total 238592K, used 54962K [0x00000000a0000000, 0x0000000100000000)
  region size 1024K, 11 young (11264K), 2 survivors (2048K)
 Metaspace       used 58742K, capacity 60019K, committed 60160K, reserved 1101824K
  class space    used 7389K, capacity 7843K, committed 7936K, reserved 1048576K
}
Event: 321.589 GC heap after
{Heap after GC invocations=44 (full 0):
 garbage-first heap   total 238592K, used 47167K [0x00000000a0000000, 0x0000000100000000)
  region size 1024K, 1 young (1024K), 1 survivors (1024K)
 Metaspace       used 58742K, capacity 60019K, committed 60160K, reserved 1101824K
  class space    used 7389K, capacity 7843K, committed 7936K, reserved 1048576K
}
Event: 334.806 GC heap before
{Heap before GC invocations=44 (full 0):
 garbage-first heap   total 238592K, used 57407K [0x00000000a0000000, 0x0000000100000000)
  region size 1024K, 11 young (11264K), 1 survivors (1024K)
 Metaspace       used 59712K, capacity 61038K, committed 61312K, reserved 1101824K
  class space    used 7509K, capacity 8012K, committed 8064K, reserved 1048576K
}
Event: 335.425 GC heap after
{Heap after GC invocations=45 (full 0):
 garbage-first heap   total 238592K, used 47373K [0x00000000a0000000, 0x0000000100000000)
  region size 1024K, 2 young (2048K), 2 survivors (2048K)
 Metaspace       used 59712K, capacity 61038K, committed 61312K, reserved 1101824K
  class space    used 7509K, capacity 8012K, committed 8064K, reserved 1048576K
}
Event: 340.592 GC heap before
{Heap before GC invocations=45 (full 0):
 garbage-first heap   total 238592K, used 56589K [0x00000000a0000000, 0x0000000100000000)
  region size 1024K, 11 young (11264K), 2 survivors (2048K)
 Metaspace       used 59914K, capacity 61269K, committed 61312K, reserved 1101824K
  class space    used 7524K, capacity 8022K, committed 8064K, reserved 1048576K
}
Event: 340.675 GC heap after
{Heap after GC invocations=46 (full 0):
 garbage-first heap   total 238592K, used 47860K [0x00000000a0000000, 0x0000000100000000)
  region size 1024K, 2 young (2048K), 2 survivors (2048K)
 Metaspace       used 59914K, capacity 61269K, committed 61312K, reserved 1101824K
  class space    used 7524K, capacity 8022K, committed 8064K, reserved 1048576K
}
Event: 342.901 GC heap before
{Heap before GC invocations=46 (full 0):
 garbage-first heap   total 238592K, used 57076K [0x00000000a0000000, 0x0000000100000000)
  region size 1024K, 11 young (11264K), 2 survivors (2048K)
 Metaspace       used 60129K, capacity 61420K, committed 61568K, reserved 1103872K
  class space    used 7557K, capacity 8028K, committed 8064K, reserved 1048576K
}
Event: 343.005 GC heap after
{Heap after GC invocations=47 (full 0):
 garbage-first heap   total 238592K, used 48767K [0x00000000a0000000, 0x0000000100000000)
  region size 1024K, 2 young (2048K), 2 survivors (2048K)
 Metaspace       used 60129K, capacity 61420K, committed 61568K, reserved 1103872K
  class space    used 7557K, capacity 8028K, committed 8064K, reserved 1048576K
}
Event: 345.645 GC heap before
{Heap before GC invocations=47 (full 0):
 garbage-first heap   total 238592K, used 57983K [0x00000000a0000000, 0x0000000100000000)
  region size 1024K, 11 young (11264K), 2 survivors (2048K)
 Metaspace       used 60417K, capacity 61814K, committed 61952K, reserved 1103872K
  class space    used 7599K, capacity 8098K, committed 8192K, reserved 1048576K
}

